<?xml version="1.0" encoding="UTF-8"?>
<!-- Generated by org.testng.reporters.JUnitReportReporter -->
<testsuite skipped="0" hostname="PUN-RPATIDAR01" name="testCases.AuthinticationTest" tests="1" failures="0" timestamp="2020-04-11T09:37:52 IST" time="5.162" errors="0">
  <testcase name="authinticationPopUpTest" time="5.162" classname="testCases.AuthinticationTest"/>
  <system-out/>
</testsuite> <!-- testCases.AuthinticationTest -->
